<?xml version="1.0" encoding="UTF-8"?>
<!-- Generated by org.testng.reporters.JUnitReportReporter -->
<testsuite hostname="ELW5132" failures="0" tests="4" name="testING.NewTest" time="22.147" errors="0" timestamp="27 Sep 2022 04:46:30 GMT" skipped="0">
  <testcase classname="testING.NewTest" name="table" time="10.887"/>
  <testcase classname="testING.NewTest" name="facebook" time="2.804"/>
  <testcase classname="testING.NewTest" name="logout" time="4.204"/>
  <testcase classname="testING.NewTest" name="login" time="4.252"/>
</testsuite> <!-- testING.NewTest -->
